<?xml version="1.0" encoding="UTF-8"?>
<!-- Generated by org.testng.reporters.JUnitReportReporter -->
<testsuite hostname="LAPTOP-B0R468S9" failures="0" tests="1" name="com.costco.testPages.costcoHomePageTest.CostcoHomePageTest" time="22.011" errors="0" timestamp="2022-07-23T00:33:19 EDT" skipped="0">
  <testcase classname="com.costco.testPages.costcoHomePageTest.CostcoHomePageTest" name="verifyCostcoSearchBox" time="22.011"/>
  <system-out/>
</testsuite> <!-- com.costco.testPages.costcoHomePageTest.CostcoHomePageTest -->
